TN:
SF:/Users/diruuu/codes/mongocruise-diruuu/lib/index.js
DA:1,1
DA:2,1
DA:3,1
DA:4,1
DA:5,1
DA:6,1
DA:7,1
DA:8,1
DA:9,1
DA:10,1
DA:11,1
DA:12,1
DA:13,1
DA:14,1
DA:15,1
DA:16,1
DA:17,1
DA:18,1
LF:16
LH:16
end_of_record
TN:
SF:/Users/diruuu/codes/mongocruise-diruuu/lib/mongocruise.js
DA:1,1
DA:2,1
DA:3,1
DA:4,1
DA:5,1
DA:6,1
DA:7,13
DA:8,13
DA:9,13
DA:10,1
DA:11,13
DA:12,1
DA:13,2
DA:14,1
DA:15,2
DA:16,1
DA:17,1
DA:18,1
DA:19,1
DA:20,1
DA:21,1
DA:22,1
DA:23,1
DA:24,3
DA:25,3
DA:26,1
DA:27,3
DA:28,1
DA:29,1
DA:30,1
DA:31,2
DA:32,2
DA:33,1
DA:34,1
DA:35,1
DA:36,3
DA:37,2
DA:38,2
DA:39,1
DA:40,1
DA:41,3
DA:42,1
DA:43,3
DA:44,3
DA:45,1
DA:46,1
DA:47,1
DA:48,3
DA:49,1
DA:50,3
DA:51,2
DA:52,1
DA:53,1
DA:54,3
DA:55,3
DA:56,1
DA:57,1
DA:58,1
DA:59,1
DA:60,1
DA:61,1
DA:62,1
DA:63,1
DA:64,1
DA:65,1
DA:66,1
DA:67,10
DA:68,1
DA:69,1
DA:70,13
DA:71,1
DA:72,1
LF:54
LH:54
end_of_record
TN:
SF:/Users/diruuu/codes/mongocruise-diruuu/lib/helpers/index.js
DA:1,1
DA:2,1
DA:3,1
DA:4,1
DA:5,1
DA:6,1
DA:7,0
DA:8,1
DA:9,0
DA:10,1
DA:11,1
DA:12,1
DA:13,1
DA:14,12
DA:15,1
DA:16,1
DA:17,1
DA:18,1
DA:19,1
DA:20,1
DA:21,1
DA:22,1
DA:23,15
DA:24,15
DA:25,15
DA:26,22
DA:27,12
DA:28,1
DA:29,14
DA:30,15
DA:31,1
DA:32,3
DA:33,1
DA:34,1
DA:35,12
DA:36,1
DA:37,1
DA:38,1
DA:39,1
DA:40,6
DA:41,1
DA:42,1
LF:33
LH:31
end_of_record
